[[1;34mINFO[m] Scanning for projects...
[[1;34mINFO[m] 
[[1;34mINFO[m] [1m----------------------< [0;36msarpreetsingh:activforms[0;1m >----------------------[m
[[1;34mINFO[m] [1mBuilding activforms 0.0.1-SNAPSHOT[m
[[1;34mINFO[m] [1m--------------------------------[ jar ]---------------------------------[m
[[1;34mINFO[m] 
[[1;34mINFO[m] [1m>>> [0;32mexec-maven-plugin:1.2.1:java[m [1m(default-cli)[0;1m > [0;1mvalidate[m @ [36mactivforms[0;1m >>>[m
[[1;34mINFO[m] 
[[1;34mINFO[m] [1m<<< [0;32mexec-maven-plugin:1.2.1:java[m [1m(default-cli)[0;1m < [0;1mvalidate[m @ [36mactivforms[0;1m <<<[m
[[1;34mINFO[m] 
[[1;34mINFO[m] 
[[1;34mINFO[m] [1m--- [0;32mexec-maven-plugin:1.2.1:java[m [1m(default-cli)[m @ [36mactivforms[0;1m ---[m
Feedback loop started.
1;1603268322179;9.236740000000001;0.33375900000000003;66.2773;1603268961451
2;1603268961451;8.23595;0.0;66.086;1603269611630
3;1603269611630;9.765155;0.0689655;66.6615;1603270312334
4;1603270312334;9.895380000000001;0.402671;66.532;1603271012727
5;1603271012727;8.034685;1.11652;66.4843;1603271707967
6;1603271707967;8.08775;0.395679;66.2584;1603272404230
7;1603272404230;9.167965;0.37511900000000004;66.4655;1603273056158
8;1603273056159;9.919435;0.144928;66.6136;1603273717142
9;1603273717142;9.959404999999999;0.834114;66.4459;1603274374399
10;1603274374400;9.875175;0.253831;66.5159;1603275037228
11;1603275037229;9.959404999999999;0.133333;66.4847;1603275770785
12;1603275770786;9.027655;2.23718;66.8778;1603276521205
13;1603276521205;9.027655;0.25679;66.724;1603277259297
14;1603277259297;9.744465;3.22612;66.7266;1603277993824
15;1603277993824;9.983244999999998;0.123457;66.539;1603278745032
16;1603278745033;9.959404999999999;0.252381;66.6158;1603279452625
17;1603279452626;9.481725;0.251662;66.5353;1603280145092
18;1603280145092;7.485425000000001;2.78845;66.163;1603280807408
19;1603280807408;8.842645;4.18147;66.522;1603281461089
20;1603281461089;9.12162;0.36185599999999996;66.3777;1603282125747
21;1603282125748;8.13641;2.51166;66.373;1603282779285
22;1603282779285;9.25951;0.442323;66.1322;1603283438253
23;1603283438254;8.86712;0.8536659999999999;66.0902;1603284104625
24;1603284104626;8.212225;1.0053299999999998;66.3677;1603284769310
25;1603284769310;9.00392;1.39221;66.2921;1603285413919
26;1603285413919;8.747544999999999;0.35555600000000004;66.332;1603286072454
27;1603286072454;9.57202;0.24314800000000003;66.329;1603286720157
28;1603286720157;8.08775;4.73489;66.2232;1603287361195
29;1603287361196;6.387334999999999;0.6473409999999999;65.8803;1603287980632
30;1603287980633;9.349525;0.607968;66.3966;1603288623041
31;1603288623041;6.869435;1.6263400000000001;66.2847;1603289289859
32;1603289289860;7.321725000000001;0.0;66.3799;1603289964362
33;1603289964362;8.034685;1.26587;66.5387;1603290689101
34;1603290689101;9.098275000000001;1.69091;66.5716;1603291458897
35;1603291458897;9.656979999999999;4.03481;66.3693;1603292225540
36;1603292225541;9.371765;0.04;66.3825;1603292956806
37;1603292956807;9.236740000000001;1.05939;66.4866;1603293652858
38;1603293652858;7.828200000000001;1.053;66.2455;1603294350991
39;1603294350991;9.875175;0.741799;66.4655;1603295037988
40;1603295037989;9.546645000000002;0.729823;66.3159;1603295712565
41;1603295712566;9.12162;0.9858910000000001;66.4369;1603296391508
42;1603296391509;8.063205000000002;3.89428;66.497;1603297082877
43;1603297082878;7.564925000000001;1.42953;66.2617;1603297755492
44;1603297755492;9.875175;0.432234;66.2885;1603298426535
45;1603298426535;7.95979;1.04415;66.3952;1603299124438
46;1603299124438;7.8578850000000005;1.4637799999999999;66.0307;1603299801670
47;1603299801670;9.830615;0.123457;66.1925;1603300486957
48;1603300486958;9.098275000000001;1.49364;66.1772;1603301191782
49;1603301191783;7.592365000000001;0.390123;66.0761;1603301870094
50;1603301870095;7.2925450000000005;0.119048;66.2445;1603302522415
51;1603302522415;9.327135;0.275508;66.1904;1603303213233
52;1603303213234;9.503454999999999;0.7278169999999999;66.372;1603303907337
53;1603303907338;8.629055;0.144928;66.0983;1603304656366
54;1603304656366;9.723685;0.144928;66.2756;1603305433343
55;1603305433344;9.702865;1.4054900000000001;66.5957;1603306200730
56;1603306200730;9.67798;1.32738;66.1645;1603306912154
57;1603306912154;9.481725;3.7487199999999996;66.4408;1603307617205
58;1603307617206;9.78968;0.133333;66.2024;1603308309543
59;1603308309544;8.60346;2.4364;66.4298;1603308997920
60;1603308997921;9.723685;4.12735;66.0977;1603309690074
61;1603309690074;9.614654999999999;0.543611;66.3211;1603310383190
62;1603310383191;9.074835;0.8340749999999999;66.2383;1603311076405
63;1603311076406;9.349525;3.21919;66.1955;1603311775978
64;1603311775979;8.31017;1.22636;66.3323;1603312474698
65;1603312474699;9.656979999999999;3.1447599999999998;66.2801;1603313171158
66;1603313171159;9.895380000000001;0.86518;66.3017;1603313877201
67;1603313877202;9.67798;1.27638;66.1142;1603314588654
68;1603314588655;9.074835;2.41169;66.1004;1603315299551
69;1603315299552;9.723685;0.215812;66.7094;1603316067474
70;1603316067474;9.93946;3.7273599999999996;66.8139;1603316870567
71;1603316870567;9.459950000000001;0.133333;67.1888;1603317684768
72;1603317684768;9.614654999999999;0.0;66.4351;1603318464904
73;1603318464905;9.546645000000002;0.981511;66.8812;1603319267602
74;1603319267603;8.629055;0.0;66.7506;1603320046938
75;1603320046938;9.327135;2.50056;66.3535;1603320774688
76;1603320774689;7.321725000000001;0.0;66.2015;1603321467380
77;1603321467381;7.457315;0.261538;66.2544;1603322189215
78;1603322189216;7.155220000000001;0.07407409999999999;66.3445;1603322883808
79;1603322883809;9.656979999999999;0.03125;66.3262;1603323584591
80;1603323584592;9.327135;4.05524;66.4878;1603324284588
81;1603324284589;5.91077;0.144928;66.1653;1603324980435
82;1603324980436;9.41602;3.2090199999999998;66.3182;1603325678758
83;1603325678758;7.828200000000001;0.15622;65.8894;1603326356695
84;1603326356696;9.503454999999999;0.04;66.2665;1603327046112
85;1603327046113;9.393965;0.427606;66.2885;1603327747379
86;1603327747380;9.051295000000001;1.65456;66.4351;1603328495313
87;1603328495314;8.23595;0.7725799999999999;66.495;1603329206219
88;1603329206220;9.810195;0.0;66.5142;1603329985641
89;1603329985642;7.9345300000000005;0.133333;66.4996;1603330751523
90;1603330751523;8.887595000000001;0.286626;66.4111;1603331494527
91;1603331494527;9.144815000000001;0.144928;66.3324;1603332252038
92;1603332252039;9.282129999999999;2.16078;66.4635;1603332971463
93;1603332971463;7.95979;1.9422499999999998;66.3085;1603333685637
94;1603333685638;9.614654999999999;2.8346199999999997;66.3867;1603334386995
95;1603334386996;7.237425;0.49393400000000004;66.0454;1603335093479
96;1603335093480;9.78968;1.91871;65.9185;1603335789661
97;1603335789662;9.93946;0.528205;66.5316;1603336530973
98;1603336530973;9.167965;0.46615700000000004;66.2665;1603337224812
99;1603337224813;9.959404999999999;3.98897;66.5317;1603337980560
100;1603337980561;9.93946;0.40096000000000004;66.2444;1603338759536
101;1603338759536;8.555795;0.262346;66.4641;1603339534411
102;1603339534411;9.21393;1.43431;66.7089;1603340290816
103;1603340290817;9.830615;0.635507;66.596;1603341049563
104;1603341049563;7.646739999999999;0.640551;66.4158;1603341737805
105;1603341737806;7.95979;0.128205;66.1788;1603342423386
106;1603342423386;8.983995;0.0;66.2046;1603343114418
107;1603343114418;9.393965;1.16035;66.3496;1603343799718
108;1603343799719;9.67798;0.743351;66.2893;1603344482918
109;1603344482918;9.546645000000002;1.2506599999999999;66.253;1603345178706
110;1603345178706;7.2925450000000005;0.49918599999999996;66.2879;1603345876357
111;1603345876357;7.404369999999999;1.37383;66.3211;1603346578105
112;1603346578106;9.78968;3.7161;66.3249;1603347264942
113;1603347264942;9.12162;0.40187799999999996;66.3815;1603347966671
114;1603347966671;8.911850000000001;0.793884;66.2282;1603349091190
115;1603349091190;9.983244999999998;3.42808;66.6853;1603350225659
116;1603350225660;9.854930000000001;0.04;66.7193;1603351407659
117;1603351407659;7.673685;1.8587699999999998;66.478;1603352526320
118;1603352526320;9.744465;0.48975700000000005;66.5062;1603353704344
119;1603353704345;9.459950000000001;1.96256;66.2335;1603354805900
120;1603354805905;7.432835;0.297619;66.128;1603355741388
121;1603355741388;9.614654999999999;4.30148;66.8119;1603356423961
122;1603356423961;9.765155;1.54574;66.5341;1603357142959
123;1603357142959;8.911850000000001;0.504686;66.1999;1603357830749
124;1603357830749;7.909135000000001;0.618167;66.3003;1603358511743
125;1603358511744;8.70127;0.123457;66.1144;1603359213379
126;1603359213380;8.360295;1.51356;66.282;1603359890829
127;1603359890829;8.65453;2.14202;66.1081;1603360525984
128;1603360525984;9.459950000000001;0.23726;65.9522;1603361162074
129;1603361162074;9.959404999999999;2.22392;66.2387;1603361866020
130;1603361866021;9.656979999999999;0.0;66.4384;1603362572964
131;1603362572964;9.854930000000001;0.493168;66.0967;1603363286286
132;1603363286287;8.842645;1.18893;66.3728;1603363997099
133;1603363997100;8.887595000000001;0.40180600000000005;66.2343;1603364691359
134;1603364691359;9.19097;0.711125;66.4804;1603365380708
135;1603365380708;9.744465;0.506935;66.22;1603366087479
136;1603366087480;9.723685;2.25247;66.487;1603366792423
137;1603366792423;9.525095;0.07703700000000001;66.0878;1603367499349
138;1603367499349;9.919435;2.82349;66.4985;1603368240303
139;1603368240303;9.765155;0.397266;66.7425;1603369007840
140;1603369007841;9.854930000000001;0.128205;67.0391;1603369790416
141;1603369790416;9.702865;0.903455;66.9697;1603370572215
142;1603370572216;9.635840000000002;0.361594;66.3446;1603371333131
143;1603371333132;9.93946;0.0;66.8729;1603372113290
144;1603372113291;8.747544999999999;0.0;66.4628;1603372891901
145;1603372891901;9.919435;0.624691;66.2976;1603373642274
146;1603373642274;9.919435;0.0;66.3783;1603374393347
147;1603374393348;9.481725;0.380247;66.4403;1603375116717
148;1603375116717;9.393965;0.128205;66.1792;1603375887456
149;1603375887456;9.983244999999998;0.613643;66.2457;1603376590284
150;1603376590285;8.81806;0.261538;66.0673;1603377291332
151;1603377291333;9.19097;0.614514;66.3895;1603378002487
152;1603378002488;9.656979999999999;0.0;66.5197;1603378725696
153;1603378725697;8.11215;0.0;66.1162;1603379435385
154;1603379435385;8.96005;0.7164539999999999;66.5456;1603380205155
155;1603380205156;9.765155;0.16388;66.8124;1603380981312
156;1603380981312;8.555795;3.4666099999999997;66.9247;1603381762011
157;1603381762011;9.854930000000001;0.11494299999999999;66.2907;1603382512165
158;1603382512165;8.409910000000002;0.49356599999999995;66.3729;1603383233988
159;1603383233989;9.983244999999998;4.66238;66.1277;1603383977041
160;1603383977042;9.723685;0.123457;66.107;1603384678037
161;1603384678037;5.877504999999999;0.133333;66.2213;1603385377697
162;1603385377697;8.11215;1.4514900000000002;66.1536;1603386078226
163;1603386078226;9.895380000000001;2.2106;66.2216;1603386785623
164;1603386785623;9.983244999999998;0.460139;66.4077;1603387506113
165;1603387506113;9.327135;0.0909091;66.5024;1603388229860
166;1603388229861;9.304704999999998;0.160494;66.4938;1603389012155
167;1603389012155;9.983244999999998;2.46338;66.7594;1603389793458
168;1603389793458;9.327135;0.123457;66.8052;1603390575361
169;1603390575362;9.895380000000001;0.56485;66.2933;1603391304766
170;1603391304767;9.67798;0.414325;66.2815;1603392028614
171;1603392028615;9.895380000000001;0.0;66.3488;1603392735058
172;1603392735059;9.12162;0.45176799999999995;66.0709;1603393435865
173;1603393435866;9.593385;0.138889;65.9048;1603394113208
174;1603394113209;8.31017;2.0507;66.2112;1603394813110
175;1603394813110;9.78968;1.86424;66.2529;1603395515198
176;1603395515199;7.984895;0.123457;66.2137;1603396227188
177;1603396227188;9.282129999999999;1.49092;66.1534;1603396934268
178;1603396934269;7.1815500000000005;0.28911000000000003;66.3088;1603397647151
179;1603397647152;7.51337;0.0;66.0727;1603398365368
180;1603398365369;9.327135;0.17476;66.2407;1603399081526
181;1603399081526;9.304704999999998;0.037037;66.0457;1603399788735
182;1603399788735;9.236740000000001;0.551351;66.3002;1603400508396
183;1603400508396;8.409910000000002;0.0754986;66.3815;1603401228564
184;1603401228564;9.78968;0.507799;66.4208;1603401964454
185;1603401964455;9.830615;1.78363;66.4791;1603402687172
186;1603402687172;9.371765;0.0;66.1397;1603403422251
187;1603403422251;8.188375;0.0434783;66.4895;1603404143192
188;1603404143193;9.656979999999999;0.428086;66.4442;1603404862121
189;1603404862122;9.959404999999999;0.891657;66.1432;1603405536224
190;1603405536225;7.619629999999999;0.123457;66.2177;1603406243105
191;1603406243106;8.842645;0.5457110000000001;66.1224;1603406962524
192;1603406962524;9.371765;2.01437;66.4667;1603407694006
193;1603407694006;8.887595000000001;0.635192;66.4307;1603408410710
194;1603408410710;9.327135;0.26144100000000003;66.432;1603409129177
195;1603409129178;9.983244999999998;0.649011;66.3101;1603409861026
196;1603409861027;8.747544999999999;0.7800119999999999;66.2663;1603410572260
197;1603410572261;9.830615;2.26546;66.1108;1603411292400
198;1603411292401;8.13641;1.21772;66.3111;1603411999621
199;1603411999621;9.503454999999999;1.5243;66.3771;1603412701637
200;1603412701638;9.959404999999999;2.66749;66.1453;1603413399599
201;1603413399600;8.485335;0.0;66.0025;1603414080634
202;1603414080635;9.57202;0.277778;66.4042;1603414780614
203;1603414780615;6.75366;0.9043880000000001;66.2342;1603415385481
204;1603415385482;9.830615;0.429825;66.2729;1603416088959
205;1603416088960;7.404369999999999;0.04;66.1218;1603416794029
206;1603416794029;9.765155;1.24395;65.9931;1603417508467
207;1603417508468;9.919435;0.769799;66.2435;1603418232403
208;1603418232403;8.842645;2.5682;66.7185;1603418981846
209;1603418981847;8.86712;0.21296299999999999;66.4916;1603419686225
210;1603419686226;8.43646;0.119048;66.4769;1603420400548
211;1603420400548;9.393965;3.25557;66.3855;1603421104196
212;1603421104197;8.887595000000001;1.50195;66.1682;1603421837553
213;1603421837554;9.546645000000002;1.19554;66.3155;1603422566134
214;1603422566135;9.19097;1.88137;66.0863;1603423298663
215;1603423298663;9.349525;2.95582;66.2731;1603424022016
216;1603424022016;9.810195;3.4621399999999998;66.38;1603424728390
217;1603424728391;9.67798;3.6580399999999997;66.649;1603425421485
218;1603425421485;8.3871;0.119048;66.2902;1603426123570
219;1603426123571;6.04054;0.144444;66.6122;1603426826410
220;1603426826410;9.327135;3.00569;66.5616;1603427540655
221;1603427540655;8.08775;0.133333;66.2783;1603428261258
222;1603428261258;9.702865;0.681912;66.2469;1603428967829
223;1603428967830;9.830615;0.11494299999999999;66.7985;1603429741325
224;1603429741326;9.854930000000001;0.371733;66.4621;1603430471096
225;1603430471096;9.93946;0.332392;66.0269;1603431189853
226;1603431189854;9.371765;1.96242;66.1771;1603431912381
227;1603431912382;9.525095;1.6222699999999999;66.3944;1603432631391
228;1603432631391;9.919435;0.0;66.4064;1603433353792
229;1603433353793;9.983244999999998;0.0;66.2972;1603434060221
230;1603434060221;9.236740000000001;2.31946;66.4065;1603434765928
231;1603434765928;9.304704999999998;0.5838;66.4593;1603435485086
232;1603435485086;6.78294;0.128205;66.2016;1603436204831
233;1603436204832;8.485335;1.8938199999999998;66.2125;1603436920209
234;1603436920210;9.983244999999998;1.77262;66.2785;1603437637686
235;1603437637686;9.41602;0.15873;66.3554;1603438392847
236;1603438392847;9.503454999999999;0.5030180000000001;66.3264;1603439197413
237;1603439197414;9.875175;0.243669;66.7184;1603439980903
238;1603439980903;9.78968;0.273133;66.2835;1603440704329
239;1603440704329;9.93946;0.56276;66.5657;1603441481412
240;1603441481412;9.983244999999998;0.390098;66.2708;1603442217089
241;1603442217090;9.00392;1.9621300000000002;66.0358;1603442952732
242;1603442952733;9.983244999999998;0.31900700000000004;66.2761;1603443682649
243;1603443682650;9.074835;0.0;66.2732;1603444417605
244;1603444417606;9.875175;4.70012;66.4782;1603445136503
245;1603445136503;8.555795;1.4642499999999998;66.266;1603445844906
246;1603445844907;6.869435;4.47495;66.0628;1603446525049
247;1603446525050;9.875175;1.03306;66.327;1603447247591
248;1603447247592;8.887595000000001;3.52947;66.4109;1603447966789
249;1603447966789;9.525095;1.6434799999999998;66.1429;1603448691984
250;1603448691985;7.9345300000000005;4.70226;66.2588;1603449415011
251;1603449415011;8.983995;0.21296299999999999;66.4374;1603450176215
252;1603450176215;8.86712;0.0;66.3575;1603450936910
253;1603450936911;9.00392;1.2338200000000001;66.4894;1603451704137
254;1603451704138;9.57202;0.41233299999999995;66.3014;1603452561301
255;1603452561301;8.911850000000001;0.266667;66.1695;1603453430053
256;1603453430054;9.371765;1.6259;66.1853;1603454279107
257;1603454279108;9.875175;0.510317;66.3527;1603455119574
258;1603455119574;9.702865;0.246914;66.2694;1603456026649
259;1603456026649;9.744465;1.51046;66.3741;1603456935040
260;1603456935041;9.723685;0.361552;66.9514;1603457860705
261;1603457860706;9.983244999999998;0.651868;66.5477;1603458781816
262;1603458781817;8.936005;0.0;66.8073;1603459717712
263;1603459717713;9.959404999999999;0.371733;66.4661;1603460636314
264;1603460636315;9.327135;4.42512;66.0593;1603461497606
265;1603461497607;9.635840000000002;0.14304;66.5613;1603462364417
266;1603462364418;9.41602;0.375458;66.543;1603463276048
267;1603463276048;9.635840000000002;0.0;66.045;1603464128548
268;1603464128548;8.629055;0.267672;66.2843;1603464982545
269;1603464982546;9.875175;1.27013;66.4234;1603465890449
270;1603465890449;9.593385;1.2388;66.2757;1603466755852
271;1603466755852;9.546645000000002;1.05429;66.2293;1603467654624
272;1603467654624;9.349525;1.01768;66.3088;1603468543998
273;1603468543998;9.236740000000001;0.0333333;66.6203;1603469466223
274;1603469466224;6.690650000000001;0.04;66.5317;1603470362510
275;1603470362510;9.459950000000001;0.732229;66.5203;1603471271322
276;1603471271322;8.31017;0.320622;66.2856;1603472140832
277;1603472140832;9.57202;0.144928;66.3409;1603473052487
278;1603473052487;8.50765;0.0;66.4087;1603473878468
279;1603473878469;7.432835;0.0;66.216;1603474733141
280;1603474733141;9.614654999999999;0.17734999999999998;66.3358;1603475580976
281;1603475580977;9.854930000000001;0.4806;66.3729;1603476428950
282;1603476428950;9.593385;0.997468;66.0565;1603477267128
283;1603477267129;9.959404999999999;0.725147;65.8104;1603478113319
284;1603478113320;7.776045;2.781;66.4144;1603478968292
285;1603478968292;7.646739999999999;0.0727513;66.4406;1603479740639
286;1603479740639;8.581620000000001;2.16025;66.0597;1603480576354
287;1603480576355;9.503454999999999;2.0333799999999997;66.408;1603481434285
288;1603481434286;9.765155;0.0;66.1652;1603482283449
289;1603482283449;8.629055;0.42894099999999996;66.525;1603483127741
290;1603483127742;8.60346;2.9827;66.1104;1603483962331
291;1603483962331;8.676015000000001;0.04;66.2072;1603484807945
292;1603484807945;9.875175;0.7269979999999999;66.1652;1603485643456
293;1603485643457;7.1815500000000005;0.0;66.1447;1603486486000
294;1603486486000;7.404369999999999;0.0;66.2521;1603487274145
295;1603487274145;9.723685;2.8130599999999997;66.4605;1603488098005
296;1603488098006;8.3871;0.7272909999999999;66.0175;1603488923905
297;1603488923906;8.676015000000001;0.0;66.3256;1603489749056
298;1603489749056;9.051295000000001;0.672581;66.0386;1603490602105
299;1603490602106;9.144815000000001;0.313029;66.4756;1603491495823
300;1603491495824;9.875175;0.299145;66.3077;1603492344330
[[1;34mINFO[m] [1m------------------------------------------------------------------------[m
[[1;34mINFO[m] [1;32mBUILD SUCCESS[m
[[1;34mINFO[m] [1m------------------------------------------------------------------------[m
[[1;34mINFO[m] Total time:  2 d 14:14 h
[[1;34mINFO[m] Finished at: 2020-10-24T00:33:23+02:00
[[1;34mINFO[m] [1m------------------------------------------------------------------------[m
